C:\USERS\ADMINISTRATOR\DESKTOP\MONSTERJUMP\MONSTERJUMP\DEBUG\MAIN.OBJ
C:\USERS\ADMINISTRATOR\DESKTOP\MONSTERJUMP\MONSTERJUMP\DEBUG\VC110.PDB
C:\USERS\ADMINISTRATOR\DESKTOP\MONSTERJUMP\MONSTERJUMP\DEBUG\.NETFRAMEWORK,VERSION=V4.0.ASSEMBLYATTRIBUTES.OBJ
C:\Users\Administrator\Desktop\monsterJump\monsterJump\Debug\monsterJump.vcxprojResolveAssemblyReference.cache
C:\Users\Administrator\Desktop\monsterJump\monsterJump\Debug\.NETFramework,Version=v4.0.AssemblyAttributes.obj
C:\Users\Administrator\Desktop\monsterJump\monsterJump\Debug\main.obj
C:\Users\Administrator\Desktop\monsterJump\monsterJump\Debug\cl.command.1.tlog
C:\Users\Administrator\Desktop\monsterJump\monsterJump\Debug\CL.read.1.tlog
C:\Users\Administrator\Desktop\monsterJump\monsterJump\Debug\CL.write.1.tlog
C:\Users\Administrator\Desktop\monsterJump\monsterJump\Debug\link.10140-cvtres.read.1.tlog
C:\Users\Administrator\Desktop\monsterJump\monsterJump\Debug\link.10140-cvtres.write.1.tlog
C:\Users\Administrator\Desktop\monsterJump\monsterJump\Debug\link.10140-rc.read.1.tlog
C:\Users\Administrator\Desktop\monsterJump\monsterJump\Debug\link.10140-rc.write.1.tlog
C:\Users\Administrator\Desktop\monsterJump\monsterJump\Debug\link.10140.read.1.tlog
C:\Users\Administrator\Desktop\monsterJump\monsterJump\Debug\link.10140.write.1.tlog
C:\Users\Administrator\Desktop\monsterJump\monsterJump\Debug\link.10184-cvtres.read.1.tlog
C:\Users\Administrator\Desktop\monsterJump\monsterJump\Debug\link.10184-cvtres.write.1.tlog
C:\Users\Administrator\Desktop\monsterJump\monsterJump\Debug\link.10184-rc.read.1.tlog
C:\Users\Administrator\Desktop\monsterJump\monsterJump\Debug\link.10184-rc.write.1.tlog
C:\Users\Administrator\Desktop\monsterJump\monsterJump\Debug\link.10184.read.1.tlog
C:\Users\Administrator\Desktop\monsterJump\monsterJump\Debug\link.10184.write.1.tlog
C:\Users\Administrator\Desktop\monsterJump\monsterJump\Debug\link.10204-cvtres.read.1.tlog
C:\Users\Administrator\Desktop\monsterJump\monsterJump\Debug\link.10204-cvtres.write.1.tlog
C:\Users\Administrator\Desktop\monsterJump\monsterJump\Debug\link.10204-rc.read.1.tlog
C:\Users\Administrator\Desktop\monsterJump\monsterJump\Debug\link.10204-rc.write.1.tlog
C:\Users\Administrator\Desktop\monsterJump\monsterJump\Debug\link.10204.read.1.tlog
C:\Users\Administrator\Desktop\monsterJump\monsterJump\Debug\link.10204.write.1.tlog
C:\Users\Administrator\Desktop\monsterJump\monsterJump\Debug\link.10308-cvtres.read.1.tlog
C:\Users\Administrator\Desktop\monsterJump\monsterJump\Debug\link.10308-cvtres.write.1.tlog
C:\Users\Administrator\Desktop\monsterJump\monsterJump\Debug\link.10308-rc.read.1.tlog
C:\Users\Administrator\Desktop\monsterJump\monsterJump\Debug\link.10308-rc.write.1.tlog
C:\Users\Administrator\Desktop\monsterJump\monsterJump\Debug\link.10308.read.1.tlog
C:\Users\Administrator\Desktop\monsterJump\monsterJump\Debug\link.10308.write.1.tlog
C:\Users\Administrator\Desktop\monsterJump\monsterJump\Debug\link.10412-cvtres.read.1.tlog
C:\Users\Administrator\Desktop\monsterJump\monsterJump\Debug\link.10412-cvtres.write.1.tlog
C:\Users\Administrator\Desktop\monsterJump\monsterJump\Debug\link.10412-rc.read.1.tlog
C:\Users\Administrator\Desktop\monsterJump\monsterJump\Debug\link.10412-rc.write.1.tlog
C:\Users\Administrator\Desktop\monsterJump\monsterJump\Debug\link.10412.read.1.tlog
C:\Users\Administrator\Desktop\monsterJump\monsterJump\Debug\link.10412.write.1.tlog
C:\Users\Administrator\Desktop\monsterJump\monsterJump\Debug\link.10432-cvtres.read.1.tlog
C:\Users\Administrator\Desktop\monsterJump\monsterJump\Debug\link.10432-cvtres.write.1.tlog
C:\Users\Administrator\Desktop\monsterJump\monsterJump\Debug\link.10432-rc.read.1.tlog
C:\Users\Administrator\Desktop\monsterJump\monsterJump\Debug\link.10432-rc.write.1.tlog
C:\Users\Administrator\Desktop\monsterJump\monsterJump\Debug\link.10432.read.1.tlog
C:\Users\Administrator\Desktop\monsterJump\monsterJump\Debug\link.10432.write.1.tlog
C:\Users\Administrator\Desktop\monsterJump\monsterJump\Debug\link.10496-cvtres.read.1.tlog
C:\Users\Administrator\Desktop\monsterJump\monsterJump\Debug\link.10496-cvtres.write.1.tlog
C:\Users\Administrator\Desktop\monsterJump\monsterJump\Debug\link.10496-rc.read.1.tlog
C:\Users\Administrator\Desktop\monsterJump\monsterJump\Debug\link.10496-rc.write.1.tlog
C:\Users\Administrator\Desktop\monsterJump\monsterJump\Debug\link.10496.read.1.tlog
C:\Users\Administrator\Desktop\monsterJump\monsterJump\Debug\link.10496.write.1.tlog
C:\Users\Administrator\Desktop\monsterJump\monsterJump\Debug\link.10584-cvtres.read.1.tlog
C:\Users\Administrator\Desktop\monsterJump\monsterJump\Debug\link.10584-cvtres.write.1.tlog
C:\Users\Administrator\Desktop\monsterJump\monsterJump\Debug\link.10584-rc.read.1.tlog
C:\Users\Administrator\Desktop\monsterJump\monsterJump\Debug\link.10584-rc.write.1.tlog
C:\Users\Administrator\Desktop\monsterJump\monsterJump\Debug\link.10584.read.1.tlog
C:\Users\Administrator\Desktop\monsterJump\monsterJump\Debug\link.10584.write.1.tlog
C:\Users\Administrator\Desktop\monsterJump\monsterJump\Debug\link.10612-cvtres.read.1.tlog
C:\Users\Administrator\Desktop\monsterJump\monsterJump\Debug\link.10612-cvtres.write.1.tlog
C:\Users\Administrator\Desktop\monsterJump\monsterJump\Debug\link.10612-rc.read.1.tlog
C:\Users\Administrator\Desktop\monsterJump\monsterJump\Debug\link.10612-rc.write.1.tlog
C:\Users\Administrator\Desktop\monsterJump\monsterJump\Debug\link.10612.read.1.tlog
C:\Users\Administrator\Desktop\monsterJump\monsterJump\Debug\link.10612.write.1.tlog
C:\Users\Administrator\Desktop\monsterJump\monsterJump\Debug\link.10628-cvtres.read.1.tlog
C:\Users\Administrator\Desktop\monsterJump\monsterJump\Debug\link.10628-cvtres.write.1.tlog
C:\Users\Administrator\Desktop\monsterJump\monsterJump\Debug\link.10628-rc.read.1.tlog
C:\Users\Administrator\Desktop\monsterJump\monsterJump\Debug\link.10628-rc.write.1.tlog
C:\Users\Administrator\Desktop\monsterJump\monsterJump\Debug\link.10628.read.1.tlog
C:\Users\Administrator\Desktop\monsterJump\monsterJump\Debug\link.10628.write.1.tlog
C:\Users\Administrator\Desktop\monsterJump\monsterJump\Debug\link.10720-cvtres.read.1.tlog
C:\Users\Administrator\Desktop\monsterJump\monsterJump\Debug\link.10720-cvtres.write.1.tlog
C:\Users\Administrator\Desktop\monsterJump\monsterJump\Debug\link.10720-rc.read.1.tlog
C:\Users\Administrator\Desktop\monsterJump\monsterJump\Debug\link.10720-rc.write.1.tlog
C:\Users\Administrator\Desktop\monsterJump\monsterJump\Debug\link.10720.read.1.tlog
C:\Users\Administrator\Desktop\monsterJump\monsterJump\Debug\link.10720.write.1.tlog
C:\Users\Administrator\Desktop\monsterJump\monsterJump\Debug\link.10788-cvtres.read.1.tlog
C:\Users\Administrator\Desktop\monsterJump\monsterJump\Debug\link.10788-cvtres.write.1.tlog
C:\Users\Administrator\Desktop\monsterJump\monsterJump\Debug\link.10788-rc.read.1.tlog
C:\Users\Administrator\Desktop\monsterJump\monsterJump\Debug\link.10788-rc.write.1.tlog
C:\Users\Administrator\Desktop\monsterJump\monsterJump\Debug\link.10788.read.1.tlog
C:\Users\Administrator\Desktop\monsterJump\monsterJump\Debug\link.10788.write.1.tlog
C:\Users\Administrator\Desktop\monsterJump\monsterJump\Debug\link.10796-cvtres.read.1.tlog
C:\Users\Administrator\Desktop\monsterJump\monsterJump\Debug\link.10796-cvtres.write.1.tlog
C:\Users\Administrator\Desktop\monsterJump\monsterJump\Debug\link.10796-rc.read.1.tlog
C:\Users\Administrator\Desktop\monsterJump\monsterJump\Debug\link.10796-rc.write.1.tlog
C:\Users\Administrator\Desktop\monsterJump\monsterJump\Debug\link.10796.read.1.tlog
C:\Users\Administrator\Desktop\monsterJump\monsterJump\Debug\link.10796.write.1.tlog
C:\Users\Administrator\Desktop\monsterJump\monsterJump\Debug\link.10844-cvtres.read.1.tlog
C:\Users\Administrator\Desktop\monsterJump\monsterJump\Debug\link.10844-cvtres.write.1.tlog
C:\Users\Administrator\Desktop\monsterJump\monsterJump\Debug\link.10844-rc.read.1.tlog
C:\Users\Administrator\Desktop\monsterJump\monsterJump\Debug\link.10844-rc.write.1.tlog
C:\Users\Administrator\Desktop\monsterJump\monsterJump\Debug\link.10844.read.1.tlog
C:\Users\Administrator\Desktop\monsterJump\monsterJump\Debug\link.10844.write.1.tlog
C:\Users\Administrator\Desktop\monsterJump\monsterJump\Debug\link.10940-cvtres.read.1.tlog
C:\Users\Administrator\Desktop\monsterJump\monsterJump\Debug\link.10940-cvtres.write.1.tlog
C:\Users\Administrator\Desktop\monsterJump\monsterJump\Debug\link.10940-rc.read.1.tlog
C:\Users\Administrator\Desktop\monsterJump\monsterJump\Debug\link.10940-rc.write.1.tlog
C:\Users\Administrator\Desktop\monsterJump\monsterJump\Debug\link.10940.read.1.tlog
C:\Users\Administrator\Desktop\monsterJump\monsterJump\Debug\link.10940.write.1.tlog
C:\Users\Administrator\Desktop\monsterJump\monsterJump\Debug\link.11168-cvtres.read.1.tlog
C:\Users\Administrator\Desktop\monsterJump\monsterJump\Debug\link.11168-cvtres.write.1.tlog
C:\Users\Administrator\Desktop\monsterJump\monsterJump\Debug\link.11168-rc.read.1.tlog
C:\Users\Administrator\Desktop\monsterJump\monsterJump\Debug\link.11168-rc.write.1.tlog
C:\Users\Administrator\Desktop\monsterJump\monsterJump\Debug\link.11168.read.1.tlog
C:\Users\Administrator\Desktop\monsterJump\monsterJump\Debug\link.11168.write.1.tlog
C:\Users\Administrator\Desktop\monsterJump\monsterJump\Debug\link.11184-cvtres.read.1.tlog
C:\Users\Administrator\Desktop\monsterJump\monsterJump\Debug\link.11184-cvtres.write.1.tlog
C:\Users\Administrator\Desktop\monsterJump\monsterJump\Debug\link.11184-rc.read.1.tlog
C:\Users\Administrator\Desktop\monsterJump\monsterJump\Debug\link.11184-rc.write.1.tlog
C:\Users\Administrator\Desktop\monsterJump\monsterJump\Debug\link.11184.read.1.tlog
C:\Users\Administrator\Desktop\monsterJump\monsterJump\Debug\link.11184.write.1.tlog
C:\Users\Administrator\Desktop\monsterJump\monsterJump\Debug\link.11192-cvtres.read.1.tlog
C:\Users\Administrator\Desktop\monsterJump\monsterJump\Debug\link.11192-cvtres.write.1.tlog
C:\Users\Administrator\Desktop\monsterJump\monsterJump\Debug\link.11192-rc.read.1.tlog
C:\Users\Administrator\Desktop\monsterJump\monsterJump\Debug\link.11192-rc.write.1.tlog
C:\Users\Administrator\Desktop\monsterJump\monsterJump\Debug\link.11192.read.1.tlog
C:\Users\Administrator\Desktop\monsterJump\monsterJump\Debug\link.11192.write.1.tlog
C:\Users\Administrator\Desktop\monsterJump\monsterJump\Debug\link.12248-cvtres.read.1.tlog
C:\Users\Administrator\Desktop\monsterJump\monsterJump\Debug\link.12248-cvtres.write.1.tlog
C:\Users\Administrator\Desktop\monsterJump\monsterJump\Debug\link.12248-rc.read.1.tlog
C:\Users\Administrator\Desktop\monsterJump\monsterJump\Debug\link.12248-rc.write.1.tlog
C:\Users\Administrator\Desktop\monsterJump\monsterJump\Debug\link.12248.read.1.tlog
C:\Users\Administrator\Desktop\monsterJump\monsterJump\Debug\link.12248.write.1.tlog
C:\Users\Administrator\Desktop\monsterJump\monsterJump\Debug\link.3904-cvtres.read.1.tlog
C:\Users\Administrator\Desktop\monsterJump\monsterJump\Debug\link.3904-cvtres.write.1.tlog
C:\Users\Administrator\Desktop\monsterJump\monsterJump\Debug\link.3904-rc.read.1.tlog
C:\Users\Administrator\Desktop\monsterJump\monsterJump\Debug\link.3904-rc.write.1.tlog
C:\Users\Administrator\Desktop\monsterJump\monsterJump\Debug\link.3904.read.1.tlog
C:\Users\Administrator\Desktop\monsterJump\monsterJump\Debug\link.3904.write.1.tlog
C:\Users\Administrator\Desktop\monsterJump\monsterJump\Debug\link.4768-cvtres.read.1.tlog
C:\Users\Administrator\Desktop\monsterJump\monsterJump\Debug\link.4768-cvtres.write.1.tlog
C:\Users\Administrator\Desktop\monsterJump\monsterJump\Debug\link.4768-rc.read.1.tlog
C:\Users\Administrator\Desktop\monsterJump\monsterJump\Debug\link.4768-rc.write.1.tlog
C:\Users\Administrator\Desktop\monsterJump\monsterJump\Debug\link.4768.read.1.tlog
C:\Users\Administrator\Desktop\monsterJump\monsterJump\Debug\link.4768.write.1.tlog
C:\Users\Administrator\Desktop\monsterJump\monsterJump\Debug\link.5356-cvtres.read.1.tlog
C:\Users\Administrator\Desktop\monsterJump\monsterJump\Debug\link.5356-cvtres.write.1.tlog
C:\Users\Administrator\Desktop\monsterJump\monsterJump\Debug\link.5356-rc.read.1.tlog
C:\Users\Administrator\Desktop\monsterJump\monsterJump\Debug\link.5356-rc.write.1.tlog
C:\Users\Administrator\Desktop\monsterJump\monsterJump\Debug\link.5356.read.1.tlog
C:\Users\Administrator\Desktop\monsterJump\monsterJump\Debug\link.5356.write.1.tlog
C:\Users\Administrator\Desktop\monsterJump\monsterJump\Debug\link.5568-cvtres.read.1.tlog
C:\Users\Administrator\Desktop\monsterJump\monsterJump\Debug\link.5568-cvtres.write.1.tlog
C:\Users\Administrator\Desktop\monsterJump\monsterJump\Debug\link.5568-rc.read.1.tlog
C:\Users\Administrator\Desktop\monsterJump\monsterJump\Debug\link.5568-rc.write.1.tlog
C:\Users\Administrator\Desktop\monsterJump\monsterJump\Debug\link.5568.read.1.tlog
C:\Users\Administrator\Desktop\monsterJump\monsterJump\Debug\link.5568.write.1.tlog
C:\Users\Administrator\Desktop\monsterJump\monsterJump\Debug\link.6268-cvtres.read.1.tlog
C:\Users\Administrator\Desktop\monsterJump\monsterJump\Debug\link.6268-cvtres.write.1.tlog
C:\Users\Administrator\Desktop\monsterJump\monsterJump\Debug\link.6268-rc.read.1.tlog
C:\Users\Administrator\Desktop\monsterJump\monsterJump\Debug\link.6268-rc.write.1.tlog
C:\Users\Administrator\Desktop\monsterJump\monsterJump\Debug\link.6268.read.1.tlog
C:\Users\Administrator\Desktop\monsterJump\monsterJump\Debug\link.6268.write.1.tlog
C:\Users\Administrator\Desktop\monsterJump\monsterJump\Debug\link.6688-cvtres.read.1.tlog
C:\Users\Administrator\Desktop\monsterJump\monsterJump\Debug\link.6688-cvtres.write.1.tlog
C:\Users\Administrator\Desktop\monsterJump\monsterJump\Debug\link.6688-rc.read.1.tlog
C:\Users\Administrator\Desktop\monsterJump\monsterJump\Debug\link.6688-rc.write.1.tlog
C:\Users\Administrator\Desktop\monsterJump\monsterJump\Debug\link.6688.read.1.tlog
C:\Users\Administrator\Desktop\monsterJump\monsterJump\Debug\link.6688.write.1.tlog
C:\Users\Administrator\Desktop\monsterJump\monsterJump\Debug\link.6716-cvtres.read.1.tlog
C:\Users\Administrator\Desktop\monsterJump\monsterJump\Debug\link.6716-cvtres.write.1.tlog
C:\Users\Administrator\Desktop\monsterJump\monsterJump\Debug\link.6716-rc.read.1.tlog
C:\Users\Administrator\Desktop\monsterJump\monsterJump\Debug\link.6716-rc.write.1.tlog
C:\Users\Administrator\Desktop\monsterJump\monsterJump\Debug\link.6716.read.1.tlog
C:\Users\Administrator\Desktop\monsterJump\monsterJump\Debug\link.6716.write.1.tlog
C:\Users\Administrator\Desktop\monsterJump\monsterJump\Debug\link.7076-cvtres.read.1.tlog
C:\Users\Administrator\Desktop\monsterJump\monsterJump\Debug\link.7076-cvtres.write.1.tlog
C:\Users\Administrator\Desktop\monsterJump\monsterJump\Debug\link.7076-rc.read.1.tlog
C:\Users\Administrator\Desktop\monsterJump\monsterJump\Debug\link.7076-rc.write.1.tlog
C:\Users\Administrator\Desktop\monsterJump\monsterJump\Debug\link.7076.read.1.tlog
C:\Users\Administrator\Desktop\monsterJump\monsterJump\Debug\link.7076.write.1.tlog
C:\Users\Administrator\Desktop\monsterJump\monsterJump\Debug\link.7228-cvtres.read.1.tlog
C:\Users\Administrator\Desktop\monsterJump\monsterJump\Debug\link.7228-cvtres.write.1.tlog
C:\Users\Administrator\Desktop\monsterJump\monsterJump\Debug\link.7228-rc.read.1.tlog
C:\Users\Administrator\Desktop\monsterJump\monsterJump\Debug\link.7228-rc.write.1.tlog
C:\Users\Administrator\Desktop\monsterJump\monsterJump\Debug\link.7228.read.1.tlog
C:\Users\Administrator\Desktop\monsterJump\monsterJump\Debug\link.7228.write.1.tlog
C:\Users\Administrator\Desktop\monsterJump\monsterJump\Debug\link.7412-cvtres.read.1.tlog
C:\Users\Administrator\Desktop\monsterJump\monsterJump\Debug\link.7412-cvtres.write.1.tlog
C:\Users\Administrator\Desktop\monsterJump\monsterJump\Debug\link.7412-rc.read.1.tlog
C:\Users\Administrator\Desktop\monsterJump\monsterJump\Debug\link.7412-rc.write.1.tlog
C:\Users\Administrator\Desktop\monsterJump\monsterJump\Debug\link.7412.read.1.tlog
C:\Users\Administrator\Desktop\monsterJump\monsterJump\Debug\link.7412.write.1.tlog
C:\Users\Administrator\Desktop\monsterJump\monsterJump\Debug\link.7484-cvtres.read.1.tlog
C:\Users\Administrator\Desktop\monsterJump\monsterJump\Debug\link.7484-cvtres.write.1.tlog
C:\Users\Administrator\Desktop\monsterJump\monsterJump\Debug\link.7484-rc.read.1.tlog
C:\Users\Administrator\Desktop\monsterJump\monsterJump\Debug\link.7484-rc.write.1.tlog
C:\Users\Administrator\Desktop\monsterJump\monsterJump\Debug\link.7484.read.1.tlog
C:\Users\Administrator\Desktop\monsterJump\monsterJump\Debug\link.7484.write.1.tlog
C:\Users\Administrator\Desktop\monsterJump\monsterJump\Debug\link.8060-cvtres.read.1.tlog
C:\Users\Administrator\Desktop\monsterJump\monsterJump\Debug\link.8060-cvtres.write.1.tlog
C:\Users\Administrator\Desktop\monsterJump\monsterJump\Debug\link.8060-rc.read.1.tlog
C:\Users\Administrator\Desktop\monsterJump\monsterJump\Debug\link.8060-rc.write.1.tlog
C:\Users\Administrator\Desktop\monsterJump\monsterJump\Debug\link.8060.read.1.tlog
C:\Users\Administrator\Desktop\monsterJump\monsterJump\Debug\link.8060.write.1.tlog
C:\Users\Administrator\Desktop\monsterJump\monsterJump\Debug\link.8256-cvtres.read.1.tlog
C:\Users\Administrator\Desktop\monsterJump\monsterJump\Debug\link.8256-cvtres.write.1.tlog
C:\Users\Administrator\Desktop\monsterJump\monsterJump\Debug\link.8256-rc.read.1.tlog
C:\Users\Administrator\Desktop\monsterJump\monsterJump\Debug\link.8256-rc.write.1.tlog
C:\Users\Administrator\Desktop\monsterJump\monsterJump\Debug\link.8256.read.1.tlog
C:\Users\Administrator\Desktop\monsterJump\monsterJump\Debug\link.8256.write.1.tlog
C:\Users\Administrator\Desktop\monsterJump\monsterJump\Debug\link.8516-cvtres.read.1.tlog
C:\Users\Administrator\Desktop\monsterJump\monsterJump\Debug\link.8516-cvtres.write.1.tlog
C:\Users\Administrator\Desktop\monsterJump\monsterJump\Debug\link.8516-rc.read.1.tlog
C:\Users\Administrator\Desktop\monsterJump\monsterJump\Debug\link.8516-rc.write.1.tlog
C:\Users\Administrator\Desktop\monsterJump\monsterJump\Debug\link.8516.read.1.tlog
C:\Users\Administrator\Desktop\monsterJump\monsterJump\Debug\link.8516.write.1.tlog
C:\Users\Administrator\Desktop\monsterJump\monsterJump\Debug\link.8792-cvtres.read.1.tlog
C:\Users\Administrator\Desktop\monsterJump\monsterJump\Debug\link.8792-cvtres.write.1.tlog
C:\Users\Administrator\Desktop\monsterJump\monsterJump\Debug\link.8792-rc.read.1.tlog
C:\Users\Administrator\Desktop\monsterJump\monsterJump\Debug\link.8792-rc.write.1.tlog
C:\Users\Administrator\Desktop\monsterJump\monsterJump\Debug\link.8792.read.1.tlog
C:\Users\Administrator\Desktop\monsterJump\monsterJump\Debug\link.8792.write.1.tlog
C:\Users\Administrator\Desktop\monsterJump\monsterJump\Debug\link.9064-cvtres.read.1.tlog
C:\Users\Administrator\Desktop\monsterJump\monsterJump\Debug\link.9064-cvtres.write.1.tlog
C:\Users\Administrator\Desktop\monsterJump\monsterJump\Debug\link.9064-rc.read.1.tlog
C:\Users\Administrator\Desktop\monsterJump\monsterJump\Debug\link.9064-rc.write.1.tlog
C:\Users\Administrator\Desktop\monsterJump\monsterJump\Debug\link.9064.read.1.tlog
C:\Users\Administrator\Desktop\monsterJump\monsterJump\Debug\link.9064.write.1.tlog
C:\Users\Administrator\Desktop\monsterJump\monsterJump\Debug\link.9152-cvtres.read.1.tlog
C:\Users\Administrator\Desktop\monsterJump\monsterJump\Debug\link.9152-cvtres.write.1.tlog
C:\Users\Administrator\Desktop\monsterJump\monsterJump\Debug\link.9152-rc.read.1.tlog
C:\Users\Administrator\Desktop\monsterJump\monsterJump\Debug\link.9152-rc.write.1.tlog
C:\Users\Administrator\Desktop\monsterJump\monsterJump\Debug\link.9152.read.1.tlog
C:\Users\Administrator\Desktop\monsterJump\monsterJump\Debug\link.9152.write.1.tlog
C:\Users\Administrator\Desktop\monsterJump\monsterJump\Debug\link.9220-cvtres.read.1.tlog
C:\Users\Administrator\Desktop\monsterJump\monsterJump\Debug\link.9220-cvtres.write.1.tlog
C:\Users\Administrator\Desktop\monsterJump\monsterJump\Debug\link.9220-rc.read.1.tlog
C:\Users\Administrator\Desktop\monsterJump\monsterJump\Debug\link.9220-rc.write.1.tlog
C:\Users\Administrator\Desktop\monsterJump\monsterJump\Debug\link.9220.read.1.tlog
C:\Users\Administrator\Desktop\monsterJump\monsterJump\Debug\link.9220.write.1.tlog
C:\Users\Administrator\Desktop\monsterJump\monsterJump\Debug\link.9332-cvtres.read.1.tlog
C:\Users\Administrator\Desktop\monsterJump\monsterJump\Debug\link.9332-cvtres.write.1.tlog
C:\Users\Administrator\Desktop\monsterJump\monsterJump\Debug\link.9332-rc.read.1.tlog
C:\Users\Administrator\Desktop\monsterJump\monsterJump\Debug\link.9332-rc.write.1.tlog
C:\Users\Administrator\Desktop\monsterJump\monsterJump\Debug\link.9332.read.1.tlog
C:\Users\Administrator\Desktop\monsterJump\monsterJump\Debug\link.9332.write.1.tlog
C:\Users\Administrator\Desktop\monsterJump\monsterJump\Debug\link.9480-cvtres.read.1.tlog
C:\Users\Administrator\Desktop\monsterJump\monsterJump\Debug\link.9480-cvtres.write.1.tlog
C:\Users\Administrator\Desktop\monsterJump\monsterJump\Debug\link.9480-rc.read.1.tlog
C:\Users\Administrator\Desktop\monsterJump\monsterJump\Debug\link.9480-rc.write.1.tlog
C:\Users\Administrator\Desktop\monsterJump\monsterJump\Debug\link.9480.read.1.tlog
C:\Users\Administrator\Desktop\monsterJump\monsterJump\Debug\link.9480.write.1.tlog
C:\Users\Administrator\Desktop\monsterJump\monsterJump\Debug\link.9572-cvtres.read.1.tlog
C:\Users\Administrator\Desktop\monsterJump\monsterJump\Debug\link.9572-cvtres.write.1.tlog
C:\Users\Administrator\Desktop\monsterJump\monsterJump\Debug\link.9572-rc.read.1.tlog
C:\Users\Administrator\Desktop\monsterJump\monsterJump\Debug\link.9572-rc.write.1.tlog
C:\Users\Administrator\Desktop\monsterJump\monsterJump\Debug\link.9572.read.1.tlog
C:\Users\Administrator\Desktop\monsterJump\monsterJump\Debug\link.9572.write.1.tlog
C:\Users\Administrator\Desktop\monsterJump\monsterJump\Debug\link.9612-cvtres.read.1.tlog
C:\Users\Administrator\Desktop\monsterJump\monsterJump\Debug\link.9612-cvtres.write.1.tlog
C:\Users\Administrator\Desktop\monsterJump\monsterJump\Debug\link.9612-rc.read.1.tlog
C:\Users\Administrator\Desktop\monsterJump\monsterJump\Debug\link.9612-rc.write.1.tlog
C:\Users\Administrator\Desktop\monsterJump\monsterJump\Debug\link.9612.read.1.tlog
C:\Users\Administrator\Desktop\monsterJump\monsterJump\Debug\link.9612.write.1.tlog
C:\Users\Administrator\Desktop\monsterJump\monsterJump\Debug\link.9636-cvtres.read.1.tlog
C:\Users\Administrator\Desktop\monsterJump\monsterJump\Debug\link.9636-cvtres.write.1.tlog
C:\Users\Administrator\Desktop\monsterJump\monsterJump\Debug\link.9636-rc.read.1.tlog
C:\Users\Administrator\Desktop\monsterJump\monsterJump\Debug\link.9636-rc.write.1.tlog
C:\Users\Administrator\Desktop\monsterJump\monsterJump\Debug\link.9636.read.1.tlog
C:\Users\Administrator\Desktop\monsterJump\monsterJump\Debug\link.9636.write.1.tlog
C:\Users\Administrator\Desktop\monsterJump\monsterJump\Debug\link.9732-cvtres.read.1.tlog
C:\Users\Administrator\Desktop\monsterJump\monsterJump\Debug\link.9732-cvtres.write.1.tlog
C:\Users\Administrator\Desktop\monsterJump\monsterJump\Debug\link.9732-rc.read.1.tlog
C:\Users\Administrator\Desktop\monsterJump\monsterJump\Debug\link.9732-rc.write.1.tlog
C:\Users\Administrator\Desktop\monsterJump\monsterJump\Debug\link.9732.read.1.tlog
C:\Users\Administrator\Desktop\monsterJump\monsterJump\Debug\link.9732.write.1.tlog
C:\Users\Administrator\Desktop\monsterJump\monsterJump\Debug\link.9752-cvtres.read.1.tlog
C:\Users\Administrator\Desktop\monsterJump\monsterJump\Debug\link.9752-cvtres.write.1.tlog
C:\Users\Administrator\Desktop\monsterJump\monsterJump\Debug\link.9752-rc.read.1.tlog
C:\Users\Administrator\Desktop\monsterJump\monsterJump\Debug\link.9752-rc.write.1.tlog
C:\Users\Administrator\Desktop\monsterJump\monsterJump\Debug\link.9752.read.1.tlog
C:\Users\Administrator\Desktop\monsterJump\monsterJump\Debug\link.9752.write.1.tlog
C:\Users\Administrator\Desktop\monsterJump\monsterJump\Debug\link.9860-cvtres.read.1.tlog
C:\Users\Administrator\Desktop\monsterJump\monsterJump\Debug\link.9860-cvtres.write.1.tlog
C:\Users\Administrator\Desktop\monsterJump\monsterJump\Debug\link.9860-rc.read.1.tlog
C:\Users\Administrator\Desktop\monsterJump\monsterJump\Debug\link.9860-rc.write.1.tlog
C:\Users\Administrator\Desktop\monsterJump\monsterJump\Debug\link.9860.read.1.tlog
C:\Users\Administrator\Desktop\monsterJump\monsterJump\Debug\link.9860.write.1.tlog
C:\Users\Administrator\Desktop\monsterJump\monsterJump\Debug\link.9872-cvtres.read.1.tlog
C:\Users\Administrator\Desktop\monsterJump\monsterJump\Debug\link.9872-cvtres.write.1.tlog
C:\Users\Administrator\Desktop\monsterJump\monsterJump\Debug\link.9872-rc.read.1.tlog
C:\Users\Administrator\Desktop\monsterJump\monsterJump\Debug\link.9872-rc.write.1.tlog
C:\Users\Administrator\Desktop\monsterJump\monsterJump\Debug\link.9872.read.1.tlog
C:\Users\Administrator\Desktop\monsterJump\monsterJump\Debug\link.9872.write.1.tlog
C:\Users\Administrator\Desktop\monsterJump\monsterJump\Debug\link.9952-cvtres.read.1.tlog
C:\Users\Administrator\Desktop\monsterJump\monsterJump\Debug\link.9952-cvtres.write.1.tlog
C:\Users\Administrator\Desktop\monsterJump\monsterJump\Debug\link.9952-rc.read.1.tlog
C:\Users\Administrator\Desktop\monsterJump\monsterJump\Debug\link.9952-rc.write.1.tlog
C:\Users\Administrator\Desktop\monsterJump\monsterJump\Debug\link.9952.read.1.tlog
C:\Users\Administrator\Desktop\monsterJump\monsterJump\Debug\link.9952.write.1.tlog
C:\Users\Administrator\Desktop\monsterJump\monsterJump\Debug\link.9976-cvtres.read.1.tlog
C:\Users\Administrator\Desktop\monsterJump\monsterJump\Debug\link.9976-cvtres.write.1.tlog
C:\Users\Administrator\Desktop\monsterJump\monsterJump\Debug\link.9976-rc.read.1.tlog
C:\Users\Administrator\Desktop\monsterJump\monsterJump\Debug\link.9976-rc.write.1.tlog
C:\Users\Administrator\Desktop\monsterJump\monsterJump\Debug\link.9976.read.1.tlog
C:\Users\Administrator\Desktop\monsterJump\monsterJump\Debug\link.9976.write.1.tlog
C:\Users\Administrator\Desktop\monsterJump\monsterJump\Debug\link.9984-cvtres.read.1.tlog
C:\Users\Administrator\Desktop\monsterJump\monsterJump\Debug\link.9984-cvtres.write.1.tlog
C:\Users\Administrator\Desktop\monsterJump\monsterJump\Debug\link.9984-rc.read.1.tlog
C:\Users\Administrator\Desktop\monsterJump\monsterJump\Debug\link.9984-rc.write.1.tlog
C:\Users\Administrator\Desktop\monsterJump\monsterJump\Debug\link.9984.read.1.tlog
C:\Users\Administrator\Desktop\monsterJump\monsterJump\Debug\link.9984.write.1.tlog
C:\Users\Administrator\Desktop\monsterJump\monsterJump\Debug\link.command.1.tlog
C:\Users\Administrator\Desktop\monsterJump\monsterJump\Debug\link.read.1.tlog
C:\Users\Administrator\Desktop\monsterJump\monsterJump\Debug\link.write.1.tlog
C:\Users\Administrator\Desktop\monsterJump\monsterJump\Debug\metagen.read.1.tlog
C:\Users\Administrator\Desktop\monsterJump\monsterJump\Debug\metagen.write.1.tlog
C:\Users\Administrator\Desktop\monsterJump\monsterJump\Debug\NativeCodeAnalysis.read.1.tlog
C:\Users\Administrator\Desktop\monsterJump\monsterJump\Debug\monsterJump.pdb
C:\Users\Administrator\Desktop\monsterJump\monsterJump\Debug\vc110.pdb
C:\Users\Administrator\Desktop\monsterJump\monsterJump\Debug\vc120.pdb
C:\Users\Administrator\Desktop\monsterJump\monsterJump\Debug\.NETFramework,Version=v4.0.AssemblyAttributes.cpp.nativecodeanalysis.xml
C:\Users\Administrator\Desktop\monsterJump\monsterJump\Debug\main.cpp.nativecodeanalysis.xml
C:\Users\Administrator\Desktop\monsterJump\monsterJump\Debug\monsterJump.exe.CodeAnalysisLog.xml
C:\Users\Administrator\Desktop\monsterJump\monsterJump\Debug\vc.nativecodeanalysis.all.xml
C:\Users\Administrator\Desktop\monsterJump\monsterJump\Debug\MSXML6R.DLL.bi
C:\Users\Administrator\Desktop\monsterJump\monsterJump\Debug\RSAENH.DLL.bi
C:\Users\Administrator\Desktop\monsterJump\monsterJump\Debug\TZRES.DLL.bi
